<?xml version="1.0" encoding="UTF-8"?>
<!-- Generated by org.testng.reporters.JUnitReportReporter -->
<testsuite hostname="DESKTOP-BPGMTVT" failures="0" tests="3" name="com.flipkart.TopOffers" time="0.010" errors="0" timestamp="27 Oct 2023 11:07:09 GMT" skipped="0">
  <testcase classname="com.flipkart.TopOffers" name="method4" time="0.001"/>
  <testcase classname="com.flipkart.TopOffers" name="method2" time="0.008"/>
  <testcase classname="com.flipkart.TopOffers" name="method3" time="0.001"/>
</testsuite> <!-- com.flipkart.TopOffers -->
